<?xml version="1.0" encoding="UTF-8"?>
<!-- Generated by org.testng.reporters.JUnitReportReporter -->
<testsuite hostname="DESKTOP-BM9GJNR" failures="0" tests="1" name="tests.ContactUsTest" time="2.293" errors="0" timestamp="2023-02-20T11:23:15 GST" skipped="0">
  <testcase classname="tests.ContactUsTest" name="UserCanContactUse" time="2.293"/>
  <system-out/>
</testsuite> <!-- tests.ContactUsTest -->
