<?xml version="1.0" encoding="UTF-8"?>
<!-- Generated by org.testng.reporters.JUnitReportReporter -->
<testsuite hostname="DESKTOP-BM9GJNR" failures="0" tests="3" name="tests.UserRegisterationwithJavaFaker" time="6.218" errors="0" timestamp="2023-02-21T14:16:56 GST" skipped="0">
  <testcase classname="tests.UserRegisterationwithJavaFaker" name="RegisteredUserCanLogout" time="0.883"/>
  <system-out/>
  <testcase classname="tests.UserRegisterationwithJavaFaker" name="RegisteredUserCanLogin" time="1.616"/>
  <system-out/>
  <testcase classname="tests.UserRegisterationwithJavaFaker" name="UserCanRegisterSuccssfully" time="3.719"/>
  <system-out/>
</testsuite> <!-- tests.UserRegisterationwithJavaFaker -->
