<?xml version="1.0" encoding="UTF-8"?>
<!-- Generated by org.testng.reporters.JUnitReportReporter -->
<testsuite hostname="DESKTOP-BM9GJNR" failures="0" tests="1" name="tests.SearchProductTest" time="2.889" errors="0" timestamp="2023-02-20T11:23:15 GST" skipped="0">
  <testcase classname="tests.SearchProductTest" name="UserCanSearchForaProduct" time="2.889"/>
  <system-out/>
</testsuite> <!-- tests.SearchProductTest -->
