<?xml version="1.0" encoding="UTF-8"?>
<!-- Generated by org.testng.reporters.JUnitReportReporter -->
<testsuite hostname="DESKTOP-BM9GJNR" failures="0" tests="1" name="tests.SearchProductUsingAutoSuggest" time="3.977" errors="0" timestamp="2023-02-20T11:23:15 GST" skipped="0">
  <testcase classname="tests.SearchProductUsingAutoSuggest" name="UserCanSearchWithAutoSuggest" time="3.977"/>
  <system-out/>
</testsuite> <!-- tests.SearchProductUsingAutoSuggest -->
