<?xml version="1.0" encoding="UTF-8"?>
<!-- Generated by org.testng.reporters.JUnitReportReporter -->
<testsuite hostname="DESKTOP-BM9GJNR" failures="0" tests="3" name="tests.UserRegisterationwithDDTandJsonFileTest" time="5.423" errors="0" timestamp="2023-02-21T12:56:34 GST" skipped="1">
  <testcase classname="tests.UserRegisterationwithDDTandJsonFileTest" name="RegisteredUserCanLogin" time="2.189"/>
  <system-out/>
  <testcase classname="tests.UserRegisterationwithDDTandJsonFileTest" name="UserCanRegisterSuccssfully" time="3.234"/>
  <system-out/>
  <testcase classname="tests.UserRegisterationwithDDTandJsonFileTest" name="RegisteredUserCanLogout">
    <skipped/>
  </testcase> <!-- RegisteredUserCanLogout -->
  <system-out/>
</testsuite> <!-- tests.UserRegisterationwithDDTandJsonFileTest -->
