<?xml version="1.0" encoding="UTF-8"?>
<!-- Generated by org.testng.reporters.JUnitReportReporter -->
<testsuite hostname="DESKTOP-BM9GJNR" failures="0" tests="5" name="tests.UserRegisterationwithDDTandDataProviderTest" time="24.339" errors="0" timestamp="2023-02-20T14:30:41 GST" skipped="1">
  <testcase classname="tests.UserRegisterationwithDDTandDataProviderTest" name="RegisteredUserCanLogin" time="7.136"/>
  <system-out/>
  <testcase classname="tests.UserRegisterationwithDDTandDataProviderTest" name="RegisteredUserCanLogin" time="5.865"/>
  <system-out/>
  <testcase classname="tests.UserRegisterationwithDDTandDataProviderTest" name="UserCanRegisterSuccssfully" time="5.126"/>
  <system-out/>
  <testcase classname="tests.UserRegisterationwithDDTandDataProviderTest" name="UserCanRegisterSuccssfully" time="6.212"/>
  <system-out/>
  <testcase classname="tests.UserRegisterationwithDDTandDataProviderTest" name="RegisteredUserCanLogout">
    <skipped/>
  </testcase> <!-- RegisteredUserCanLogout -->
  <system-out/>
</testsuite> <!-- tests.UserRegisterationwithDDTandDataProviderTest -->
