<?xml version="1.0" encoding="UTF-8"?>
<!-- Generated by org.testng.reporters.JUnitReportReporter -->
<testsuite hostname="DESKTOP-BM9GJNR" failures="0" tests="3" name="runner.TestRunner" time="15.792" errors="0" timestamp="2023-02-22T15:36:30 GST" skipped="0">
  <testcase classname="runner.TestRunner" name="runScenario" time="13.141"/>
  <system-out/>
  <testcase classname="runner.TestRunner" name="runScenario" time="1.353"/>
  <system-out/>
  <testcase classname="runner.TestRunner" name="runScenario" time="1.298"/>
  <system-out/>
</testsuite> <!-- runner.TestRunner -->
