<?xml version="1.0" encoding="UTF-8"?>
<!-- Generated by org.testng.reporters.JUnitReportReporter -->
<testsuite hostname="DESKTOP-BM9GJNR" failures="0" tests="3" name="tests.UserRegisterationwithDDTandCSVTest" time="15.710" errors="0" timestamp="2023-02-21T10:05:26 GST" skipped="1">
  <testcase classname="tests.UserRegisterationwithDDTandCSVTest" name="RegisteredUserCanLogin" time="7.676"/>
  <system-out/>
  <testcase classname="tests.UserRegisterationwithDDTandCSVTest" name="UserCanRegisterSuccssfully" time="8.034"/>
  <system-out/>
  <testcase classname="tests.UserRegisterationwithDDTandCSVTest" name="RegisteredUserCanLogout">
    <skipped/>
  </testcase> <!-- RegisteredUserCanLogout -->
  <system-out/>
</testsuite> <!-- tests.UserRegisterationwithDDTandCSVTest -->
