<?xml version="1.0" encoding="UTF-8"?>
<!-- Generated by org.testng.reporters.JUnitReportReporter -->
<testsuite hostname="DESKTOP-BM9GJNR" failures="0" tests="3" name="tests.UserRegisterationWithDDTandPropertiesFileTest" time="7.737" errors="0" timestamp="2023-02-20T16:44:27 GST" skipped="0">
  <testcase classname="tests.UserRegisterationWithDDTandPropertiesFileTest" name="RegisteredUserCanLogin" time="2.314"/>
  <system-out/>
  <testcase classname="tests.UserRegisterationWithDDTandPropertiesFileTest" name="RegisteredUserCanLogout" time="0.993"/>
  <system-out/>
  <testcase classname="tests.UserRegisterationWithDDTandPropertiesFileTest" name="UserCanRegisterSuccssfully" time="4.430"/>
  <system-out/>
</testsuite> <!-- tests.UserRegisterationWithDDTandPropertiesFileTest -->
