<?xml version="1.0" encoding="UTF-8"?>
<!-- Generated by org.testng.reporters.JUnitReportReporter -->
<testsuite hostname="DESKTOP-BM9GJNR" failures="0" tests="3" name="tests.UserRegisterationTest" time="5.144" errors="0" timestamp="2023-02-20T13:49:46 GST" skipped="0">
  <testcase classname="tests.UserRegisterationTest" name="RegisteredUserCanLogin" time="1.432"/>
  <system-out/>
  <testcase classname="tests.UserRegisterationTest" name="RegisteredUserCanLogout" time="0.769"/>
  <system-out/>
  <testcase classname="tests.UserRegisterationTest" name="UserCanRegisterSuccssfully" time="2.943"/>
  <system-out/>
</testsuite> <!-- tests.UserRegisterationTest -->
